<?xml version="1.0" encoding="UTF-8" ?>
<testsuite tests="1" failures="0" name="com.innovateEDU.AuthIntegrationTest" time="4.396" errors="1" skipped="0">
  <properties>
    <property name="java.runtime.name" value="Java(TM) SE Runtime Environment"/>
    <property name="sun.boot.library.path" value="/Library/Java/JavaVirtualMachines/jdk1.8.0_151.jdk/Contents/Home/jre/lib"/>
    <property name="java.vm.version" value="25.151-b12"/>
    <property name="gopherProxySet" value="false"/>
    <property name="java.vm.vendor" value="Oracle Corporation"/>
    <property name="maven.multiModuleProjectDirectory" value="/Users/joshsurette/Desktop/innovateEDU-coach/innovateLocker"/>
    <property name="java.vendor.url" value="http://java.oracle.com/"/>
    <property name="path.separator" value=":"/>
    <property name="guice.disable.misplaced.annotation.check" value="true"/>
    <property name="java.vm.name" value="Java HotSpot(TM) 64-Bit Server VM"/>
    <property name="file.encoding.pkg" value="sun.io"/>
    <property name="user.country" value="US"/>
    <property name="sun.java.launcher" value="SUN_STANDARD"/>
    <property name="sun.os.patch.level" value="unknown"/>
    <property name="java.vm.specification.name" value="Java Virtual Machine Specification"/>
    <property name="user.dir" value="/Users/joshsurette/Desktop/innovateEDU-coach/innovateLocker"/>
    <property name="java.runtime.version" value="1.8.0_151-b12"/>
    <property name="java.awt.graphicsenv" value="sun.awt.CGraphicsEnvironment"/>
    <property name="java.endorsed.dirs" value="/Library/Java/JavaVirtualMachines/jdk1.8.0_151.jdk/Contents/Home/jre/lib/endorsed"/>
    <property name="os.arch" value="x86_64"/>
    <property name="java.io.tmpdir" value="/var/folders/d2/4445b1n50vs07nsvt8v3bjk40000gn/T/"/>
    <property name="line.separator" value="
"/>
    <property name="java.vm.specification.vendor" value="Oracle Corporation"/>
    <property name="os.name" value="Mac OS X"/>
    <property name="classworlds.conf" value="/Users/joshsurette/Desktop/apache-maven-3.5.2/bin/m2.conf"/>
    <property name="sun.jnu.encoding" value="UTF-8"/>
    <property name="java.library.path" value="/Users/joshsurette/Library/Java/Extensions:/Library/Java/Extensions:/Network/Library/Java/Extensions:/System/Library/Java/Extensions:/usr/lib/java:."/>
    <property name="maven.conf" value="/Users/joshsurette/Desktop/apache-maven-3.5.2/conf"/>
    <property name="java.specification.name" value="Java Platform API Specification"/>
    <property name="java.class.version" value="52.0"/>
    <property name="sun.management.compiler" value="HotSpot 64-Bit Tiered Compilers"/>
    <property name="os.version" value="10.12.6"/>
    <property name="library.jansi.path" value="/Users/joshsurette/Desktop/apache-maven-3.5.2/lib/jansi-native"/>
    <property name="http.nonProxyHosts" value="local|*.local|169.254/16|*.169.254/16"/>
    <property name="user.home" value="/Users/joshsurette"/>
    <property name="user.timezone" value="America/New_York"/>
    <property name="java.awt.printerjob" value="sun.lwawt.macosx.CPrinterJob"/>
    <property name="java.specification.version" value="1.8"/>
    <property name="file.encoding" value="UTF-8"/>
    <property name="user.name" value="joshsurette"/>
    <property name="java.class.path" value="/Users/joshsurette/Desktop/apache-maven-3.5.2/boot/plexus-classworlds-2.5.2.jar"/>
    <property name="java.vm.specification.version" value="1.8"/>
    <property name="sun.arch.data.model" value="64"/>
    <property name="java.home" value="/Library/Java/JavaVirtualMachines/jdk1.8.0_151.jdk/Contents/Home/jre"/>
    <property name="sun.java.command" value="org.codehaus.plexus.classworlds.launcher.Launcher package"/>
    <property name="java.specification.vendor" value="Oracle Corporation"/>
    <property name="user.language" value="en"/>
    <property name="awt.toolkit" value="sun.lwawt.macosx.LWCToolkit"/>
    <property name="java.vm.info" value="mixed mode"/>
    <property name="java.version" value="1.8.0_151"/>
    <property name="java.ext.dirs" value="/Users/joshsurette/Library/Java/Extensions:/Library/Java/JavaVirtualMachines/jdk1.8.0_151.jdk/Contents/Home/jre/lib/ext:/Library/Java/Extensions:/Network/Library/Java/Extensions:/System/Library/Java/Extensions:/usr/lib/java"/>
    <property name="sun.boot.class.path" value="/Library/Java/JavaVirtualMachines/jdk1.8.0_151.jdk/Contents/Home/jre/lib/resources.jar:/Library/Java/JavaVirtualMachines/jdk1.8.0_151.jdk/Contents/Home/jre/lib/rt.jar:/Library/Java/JavaVirtualMachines/jdk1.8.0_151.jdk/Contents/Home/jre/lib/sunrsasign.jar:/Library/Java/JavaVirtualMachines/jdk1.8.0_151.jdk/Contents/Home/jre/lib/jsse.jar:/Library/Java/JavaVirtualMachines/jdk1.8.0_151.jdk/Contents/Home/jre/lib/jce.jar:/Library/Java/JavaVirtualMachines/jdk1.8.0_151.jdk/Contents/Home/jre/lib/charsets.jar:/Library/Java/JavaVirtualMachines/jdk1.8.0_151.jdk/Contents/Home/jre/lib/jfr.jar:/Library/Java/JavaVirtualMachines/jdk1.8.0_151.jdk/Contents/Home/jre/classes"/>
    <property name="java.vendor" value="Oracle Corporation"/>
    <property name="maven.home" value="/Users/joshsurette/Desktop/apache-maven-3.5.2"/>
    <property name="file.separator" value="/"/>
    <property name="java.vendor.url.bug" value="http://bugreport.sun.com/bugreport/"/>
    <property name="sun.cpu.endian" value="little"/>
    <property name="sun.io.unicode.encoding" value="UnicodeBig"/>
    <property name="socksNonProxyHosts" value="local|*.local|169.254/16|*.169.254/16"/>
    <property name="ftp.nonProxyHosts" value="local|*.local|169.254/16|*.169.254/16"/>
    <property name="sun.cpu.isalist" value=""/>
  </properties>
  <testcase classname="com.innovateEDU.AuthIntegrationTest" name="com.innovateEDU.AuthIntegrationTest" time="4.396">
    <error message="Errors in named queries: com.innovateEDU.core.Bookmark.findForUser" type="org.hibernate.HibernateException">org.hibernate.HibernateException: Errors in named queries: com.innovateEDU.core.Bookmark.findForUser
	at org.hibernate.internal.SessionFactoryImpl.&lt;init&gt;(SessionFactoryImpl.java:545)
	at org.hibernate.cfg.Configuration.buildSessionFactory(Configuration.java:1859)
	at io.dropwizard.hibernate.SessionFactoryFactory.buildSessionFactory(SessionFactoryFactory.java:96)
	at io.dropwizard.hibernate.SessionFactoryFactory.build(SessionFactoryFactory.java:49)
	at io.dropwizard.hibernate.SessionFactoryFactory.build(SessionFactoryFactory.java:39)
	at io.dropwizard.hibernate.HibernateBundle.run(HibernateBundle.java:56)
	at io.dropwizard.hibernate.HibernateBundle.run(HibernateBundle.java:14)
	at io.dropwizard.setup.Bootstrap.run(Bootstrap.java:199)
	at io.dropwizard.testing.DropwizardTestSupport$2.run(DropwizardTestSupport.java:175)
	at io.dropwizard.cli.EnvironmentCommand.run(EnvironmentCommand.java:39)
	at io.dropwizard.cli.ConfiguredCommand.run(ConfiguredCommand.java:77)
	at io.dropwizard.testing.DropwizardTestSupport.startIfRequired(DropwizardTestSupport.java:212)
	at io.dropwizard.testing.DropwizardTestSupport.before(DropwizardTestSupport.java:115)
	at io.dropwizard.testing.junit.DropwizardAppRule.before(DropwizardAppRule.java:87)
	at org.junit.rules.ExternalResource$1.evaluate(ExternalResource.java:46)
	at org.junit.rules.RunRules.evaluate(RunRules.java:20)
	at org.junit.runners.ParentRunner.run(ParentRunner.java:363)
	at org.apache.maven.surefire.junit4.JUnit4Provider.execute(JUnit4Provider.java:252)
	at org.apache.maven.surefire.junit4.JUnit4Provider.executeTestSet(JUnit4Provider.java:141)
	at org.apache.maven.surefire.junit4.JUnit4Provider.invoke(JUnit4Provider.java:112)
	at sun.reflect.NativeMethodAccessorImpl.invoke0(Native Method)
	at sun.reflect.NativeMethodAccessorImpl.invoke(NativeMethodAccessorImpl.java:62)
	at sun.reflect.DelegatingMethodAccessorImpl.invoke(DelegatingMethodAccessorImpl.java:43)
	at java.lang.reflect.Method.invoke(Method.java:498)
	at org.apache.maven.surefire.util.ReflectionUtils.invokeMethodWithArray(ReflectionUtils.java:189)
	at org.apache.maven.surefire.booter.ProviderFactory$ProviderProxy.invoke(ProviderFactory.java:165)
	at org.apache.maven.surefire.booter.ProviderFactory.invokeProvider(ProviderFactory.java:85)
	at org.apache.maven.surefire.booter.ForkedBooter.runSuitesInProcess(ForkedBooter.java:115)
	at org.apache.maven.surefire.booter.ForkedBooter.main(ForkedBooter.java:75)
</error>
    <system-out>INFO  [2018-01-15 20:33:11,704] org.eclipse.jetty.util.log: Logging initialized @2415ms
INFO  [2018-01-15 20:33:12,060] org.hibernate.annotations.common.Version: HCANN000001: Hibernate Commons Annotations {4.0.5.Final}
INFO  [2018-01-15 20:33:12,071] org.hibernate.Version: HHH000412: Hibernate Core {4.3.11.Final}
INFO  [2018-01-15 20:33:12,074] org.hibernate.cfg.Environment: HHH000206: hibernate.properties not found
INFO  [2018-01-15 20:33:12,076] org.hibernate.cfg.Environment: HHH000021: Bytecode provider name : javassist
INFO  [2018-01-15 20:33:12,130] io.dropwizard.hibernate.SessionFactoryFactory: Entity classes: [com.innovateEDU.core.Bookmark, com.innovateEDU.core.User]
INFO  [2018-01-15 20:33:12,737] org.hibernate.dialect.Dialect: HHH000400: Using dialect: org.hibernate.dialect.H2Dialect
INFO  [2018-01-15 20:33:12,960] org.hibernate.engine.transaction.internal.TransactionFactoryInitiator: HHH000399: Using default transaction strategy (direct JDBC transactions)
INFO  [2018-01-15 20:33:12,975] org.hibernate.hql.internal.ast.ASTQueryTranslatorFactory: HHH000397: Using ASTQueryTranslatorFactory
INFO  [2018-01-15 20:33:13,217] org.hibernate.type.BasicTypeRegistry: HHH000270: Type registration [java.util.Currency] overrides previous : org.hibernate.type.CurrencyType@4efc25fc
ERROR [2018-01-15 20:33:13,959] org.hibernate.internal.SessionFactoryImpl: HHH000177: Error in named query: com.innovateEDU.core.Bookmark.findForUser
! org.hibernate.QueryException: could not resolve property: user of: com.innovateEDU.core.Bookmark
! at org.hibernate.persister.entity.AbstractPropertyMapping.propertyException(AbstractPropertyMapping.java:83) ~[hibernate-core-4.3.11.Final.jar:4.3.11.Final]
! at org.hibernate.persister.entity.AbstractPropertyMapping.toType(AbstractPropertyMapping.java:77) ~[hibernate-core-4.3.11.Final.jar:4.3.11.Final]
! at org.hibernate.persister.entity.AbstractEntityPersister.toType(AbstractEntityPersister.java:1978) ~[hibernate-core-4.3.11.Final.jar:4.3.11.Final]
! at org.hibernate.hql.internal.ast.tree.FromElementType.getPropertyType(FromElementType.java:367) ~[hibernate-core-4.3.11.Final.jar:4.3.11.Final]
! at org.hibernate.hql.internal.ast.tree.FromElement.getPropertyType(FromElement.java:500) ~[hibernate-core-4.3.11.Final.jar:4.3.11.Final]
! at org.hibernate.hql.internal.ast.tree.DotNode.getDataType(DotNode.java:671) ~[hibernate-core-4.3.11.Final.jar:4.3.11.Final]
! at org.hibernate.hql.internal.ast.tree.DotNode.prepareLhs(DotNode.java:275) ~[hibernate-core-4.3.11.Final.jar:4.3.11.Final]
! at org.hibernate.hql.internal.ast.tree.DotNode.resolve(DotNode.java:219) ~[hibernate-core-4.3.11.Final.jar:4.3.11.Final]
! at org.hibernate.hql.internal.ast.tree.DotNode.resolveFirstChild(DotNode.java:183) ~[hibernate-core-4.3.11.Final.jar:4.3.11.Final]
! at org.hibernate.hql.internal.ast.HqlSqlWalker.lookupProperty(HqlSqlWalker.java:619) ~[hibernate-core-4.3.11.Final.jar:4.3.11.Final]
! at org.hibernate.hql.internal.antlr.HqlSqlBaseWalker.addrExpr(HqlSqlBaseWalker.java:4980) ~[hibernate-core-4.3.11.Final.jar:4.3.11.Final]
! at org.hibernate.hql.internal.antlr.HqlSqlBaseWalker.expr(HqlSqlBaseWalker.java:1263) ~[hibernate-core-4.3.11.Final.jar:4.3.11.Final]
! at org.hibernate.hql.internal.antlr.HqlSqlBaseWalker.exprOrSubquery(HqlSqlBaseWalker.java:4686) ~[hibernate-core-4.3.11.Final.jar:4.3.11.Final]
! at org.hibernate.hql.internal.antlr.HqlSqlBaseWalker.comparisonExpr(HqlSqlBaseWalker.java:4156) ~[hibernate-core-4.3.11.Final.jar:4.3.11.Final]
! at org.hibernate.hql.internal.antlr.HqlSqlBaseWalker.logicalExpr(HqlSqlBaseWalker.java:2104) ~[hibernate-core-4.3.11.Final.jar:4.3.11.Final]
! at org.hibernate.hql.internal.antlr.HqlSqlBaseWalker.whereClause(HqlSqlBaseWalker.java:796) ~[hibernate-core-4.3.11.Final.jar:4.3.11.Final]
! at org.hibernate.hql.internal.antlr.HqlSqlBaseWalker.query(HqlSqlBaseWalker.java:597) ~[hibernate-core-4.3.11.Final.jar:4.3.11.Final]
! at org.hibernate.hql.internal.antlr.HqlSqlBaseWalker.selectStatement(HqlSqlBaseWalker.java:301) ~[hibernate-core-4.3.11.Final.jar:4.3.11.Final]
! at org.hibernate.hql.internal.antlr.HqlSqlBaseWalker.statement(HqlSqlBaseWalker.java:249) ~[hibernate-core-4.3.11.Final.jar:4.3.11.Final]
! at org.hibernate.hql.internal.ast.QueryTranslatorImpl.analyze(QueryTranslatorImpl.java:278) ~[hibernate-core-4.3.11.Final.jar:4.3.11.Final]
! at org.hibernate.hql.internal.ast.QueryTranslatorImpl.doCompile(QueryTranslatorImpl.java:206) ~[hibernate-core-4.3.11.Final.jar:4.3.11.Final]
! ... 35 common frames omitted
! Causing: org.hibernate.QueryException: could not resolve property: user of: com.innovateEDU.core.Bookmark [select b from com.innovateEDU.core.Bookmark b where b.user.id = :id]
! at org.hibernate.QueryException.generateQueryException(QueryException.java:137) ~[hibernate-core-4.3.11.Final.jar:4.3.11.Final]
! at org.hibernate.QueryException.wrapWithQueryString(QueryException.java:120) ~[hibernate-core-4.3.11.Final.jar:4.3.11.Final]
! at org.hibernate.hql.internal.ast.QueryTranslatorImpl.doCompile(QueryTranslatorImpl.java:234) ~[hibernate-core-4.3.11.Final.jar:4.3.11.Final]
! at org.hibernate.hql.internal.ast.QueryTranslatorImpl.compile(QueryTranslatorImpl.java:158) ~[hibernate-core-4.3.11.Final.jar:4.3.11.Final]
! at org.hibernate.engine.query.spi.HQLQueryPlan.&lt;init&gt;(HQLQueryPlan.java:131) ~[hibernate-core-4.3.11.Final.jar:4.3.11.Final]
! at org.hibernate.engine.query.spi.HQLQueryPlan.&lt;init&gt;(HQLQueryPlan.java:93) ~[hibernate-core-4.3.11.Final.jar:4.3.11.Final]
! at org.hibernate.engine.query.spi.QueryPlanCache.getHQLQueryPlan(QueryPlanCache.java:167) ~[hibernate-core-4.3.11.Final.jar:4.3.11.Final]
! at org.hibernate.internal.NamedQueryRepository.checkNamedQueries(NamedQueryRepository.java:161) ~[hibernate-core-4.3.11.Final.jar:4.3.11.Final]
! at org.hibernate.internal.SessionFactoryImpl.checkNamedQueries(SessionFactoryImpl.java:1090) ~[hibernate-core-4.3.11.Final.jar:4.3.11.Final]
! at org.hibernate.internal.SessionFactoryImpl.&lt;init&gt;(SessionFactoryImpl.java:536) ~[hibernate-core-4.3.11.Final.jar:4.3.11.Final]
! at org.hibernate.cfg.Configuration.buildSessionFactory(Configuration.java:1859) ~[hibernate-core-4.3.11.Final.jar:4.3.11.Final]
! at io.dropwizard.hibernate.SessionFactoryFactory.buildSessionFactory(SessionFactoryFactory.java:96) [dropwizard-hibernate-0.9.2.jar:0.9.2]
! at io.dropwizard.hibernate.SessionFactoryFactory.build(SessionFactoryFactory.java:49) [dropwizard-hibernate-0.9.2.jar:0.9.2]
! at io.dropwizard.hibernate.SessionFactoryFactory.build(SessionFactoryFactory.java:39) [dropwizard-hibernate-0.9.2.jar:0.9.2]
! at io.dropwizard.hibernate.HibernateBundle.run(HibernateBundle.java:56) [dropwizard-hibernate-0.9.2.jar:0.9.2]
! at io.dropwizard.hibernate.HibernateBundle.run(HibernateBundle.java:14) [dropwizard-hibernate-0.9.2.jar:0.9.2]
! at io.dropwizard.setup.Bootstrap.run(Bootstrap.java:199) [dropwizard-core-0.9.2.jar:0.9.2]
! at io.dropwizard.testing.DropwizardTestSupport$2.run(DropwizardTestSupport.java:175) [dropwizard-testing-0.9.2.jar:0.9.2]
! at io.dropwizard.cli.EnvironmentCommand.run(EnvironmentCommand.java:39) [dropwizard-core-0.9.2.jar:0.9.2]
! at io.dropwizard.cli.ConfiguredCommand.run(ConfiguredCommand.java:77) [dropwizard-core-0.9.2.jar:0.9.2]
! at io.dropwizard.testing.DropwizardTestSupport.startIfRequired(DropwizardTestSupport.java:212) [dropwizard-testing-0.9.2.jar:0.9.2]
! at io.dropwizard.testing.DropwizardTestSupport.before(DropwizardTestSupport.java:115) [dropwizard-testing-0.9.2.jar:0.9.2]
! at io.dropwizard.testing.junit.DropwizardAppRule.before(DropwizardAppRule.java:87) [dropwizard-testing-0.9.2.jar:0.9.2]
! at org.junit.rules.ExternalResource$1.evaluate(ExternalResource.java:46) [junit-4.12.jar:4.12]
! at org.junit.rules.RunRules.evaluate(RunRules.java:20) [junit-4.12.jar:4.12]
! at org.junit.runners.ParentRunner.run(ParentRunner.java:363) [junit-4.12.jar:4.12]
! at org.apache.maven.surefire.junit4.JUnit4Provider.execute(JUnit4Provider.java:252) [surefire-junit4-2.12.4.jar:2.12.4]
! at org.apache.maven.surefire.junit4.JUnit4Provider.executeTestSet(JUnit4Provider.java:141) [surefire-junit4-2.12.4.jar:2.12.4]
! at org.apache.maven.surefire.junit4.JUnit4Provider.invoke(JUnit4Provider.java:112) [surefire-junit4-2.12.4.jar:2.12.4]
! at sun.reflect.NativeMethodAccessorImpl.invoke0(Native Method) ~[na:1.8.0_151]
! at sun.reflect.NativeMethodAccessorImpl.invoke(NativeMethodAccessorImpl.java:62) ~[na:1.8.0_151]
! at sun.reflect.DelegatingMethodAccessorImpl.invoke(DelegatingMethodAccessorImpl.java:43) ~[na:1.8.0_151]
! at java.lang.reflect.Method.invoke(Method.java:498) ~[na:1.8.0_151]
! at org.apache.maven.surefire.util.ReflectionUtils.invokeMethodWithArray(ReflectionUtils.java:189) [surefire-api-2.12.4.jar:2.12.4]
! at org.apache.maven.surefire.booter.ProviderFactory$ProviderProxy.invoke(ProviderFactory.java:165) [surefire-booter-2.12.4.jar:2.12.4]
! at org.apache.maven.surefire.booter.ProviderFactory.invokeProvider(ProviderFactory.java:85) [surefire-booter-2.12.4.jar:2.12.4]
! at org.apache.maven.surefire.booter.ForkedBooter.runSuitesInProcess(ForkedBooter.java:115) [surefire-booter-2.12.4.jar:2.12.4]
! at org.apache.maven.surefire.booter.ForkedBooter.main(ForkedBooter.java:75) [surefire-booter-2.12.4.jar:2.12.4]
</system-out>
  </testcase>
</testsuite>