<?xml version="1.0" encoding="UTF-8"?>
<testsuite xmlns:xsi="http://www.w3.org/2001/XMLSchema-instance" xsi:noNamespaceSchemaLocation="https://maven.apache.org/surefire/maven-surefire-plugin/xsd/surefire-test-report.xsd" name="com.innovateEDU.app.innovateEDUApplicationTest" time="0.015" tests="1" errors="0" skipped="0" failures="0">
  <properties>
    <property name="gopherProxySet" value="false"/>
    <property name="awt.toolkit" value="sun.lwawt.macosx.LWCToolkit"/>
    <property name="file.encoding.pkg" value="sun.io"/>
    <property name="java.specification.version" value="1.8"/>
    <property name="sun.cpu.isalist" value=""/>
    <property name="sun.jnu.encoding" value="UTF-8"/>
    <property name="java.class.path" value="/Users/joshsurette/Desktop/innovateEDU-coach/innovateEDU-app/target/test-classes:/Users/joshsurette/Desktop/innovateEDU-coach/innovateEDU-app/target/classes:/Users/joshsurette/.m2/repository/junit/junit/3.8.1/junit-3.8.1.jar:/Users/joshsurette/.m2/repository/io/dropwizard/dropwizard-core/0.9.2/dropwizard-core-0.9.2.jar:/Users/joshsurette/.m2/repository/io/dropwizard/dropwizard-util/0.9.2/dropwizard-util-0.9.2.jar:/Users/joshsurette/.m2/repository/com/fasterxml/jackson/core/jackson-annotations/2.6.0/jackson-annotations-2.6.0.jar:/Users/joshsurette/.m2/repository/com/google/guava/guava/18.0/guava-18.0.jar:/Users/joshsurette/.m2/repository/com/google/code/findbugs/jsr305/3.0.1/jsr305-3.0.1.jar:/Users/joshsurette/.m2/repository/joda-time/joda-time/2.9/joda-time-2.9.jar:/Users/joshsurette/.m2/repository/io/dropwizard/dropwizard-jackson/0.9.2/dropwizard-jackson-0.9.2.jar:/Users/joshsurette/.m2/repository/com/fasterxml/jackson/core/jackson-core/2.6.3/jackson-core-2.6.3.jar:/Users/joshsurette/.m2/repository/com/fasterxml/jackson/core/jackson-databind/2.6.3/jackson-databind-2.6.3.jar:/Users/joshsurette/.m2/repository/com/fasterxml/jackson/datatype/jackson-datatype-jdk7/2.6.3/jackson-datatype-jdk7-2.6.3.jar:/Users/joshsurette/.m2/repository/com/fasterxml/jackson/datatype/jackson-datatype-guava/2.6.3/jackson-datatype-guava-2.6.3.jar:/Users/joshsurette/.m2/repository/com/fasterxml/jackson/module/jackson-module-afterburner/2.6.3/jackson-module-afterburner-2.6.3.jar:/Users/joshsurette/.m2/repository/com/fasterxml/jackson/datatype/jackson-datatype-joda/2.6.3/jackson-datatype-joda-2.6.3.jar:/Users/joshsurette/.m2/repository/org/slf4j/slf4j-api/1.7.12/slf4j-api-1.7.12.jar:/Users/joshsurette/.m2/repository/ch/qos/logback/logback-classic/1.1.3/logback-classic-1.1.3.jar:/Users/joshsurette/.m2/repository/io/dropwizard/dropwizard-validation/0.9.2/dropwizard-validation-0.9.2.jar:/Users/joshsurette/.m2/repository/org/hibernate/hibernate-validator/5.2.2.Final/hibernate-validator-5.2.2.Final.jar:/Users/joshsurette/.m2/repository/javax/validation/validation-api/1.1.0.Final/validation-api-1.1.0.Final.jar:/Users/joshsurette/.m2/repository/org/jboss/logging/jboss-logging/3.2.1.Final/jboss-logging-3.2.1.Final.jar:/Users/joshsurette/.m2/repository/com/fasterxml/classmate/1.1.0/classmate-1.1.0.jar:/Users/joshsurette/.m2/repository/org/glassfish/javax.el/3.0.0/javax.el-3.0.0.jar:/Users/joshsurette/.m2/repository/io/dropwizard/dropwizard-configuration/0.9.2/dropwizard-configuration-0.9.2.jar:/Users/joshsurette/.m2/repository/com/fasterxml/jackson/dataformat/jackson-dataformat-yaml/2.6.3/jackson-dataformat-yaml-2.6.3.jar:/Users/joshsurette/.m2/repository/org/yaml/snakeyaml/1.15/snakeyaml-1.15.jar:/Users/joshsurette/.m2/repository/org/apache/commons/commons-lang3/3.4/commons-lang3-3.4.jar:/Users/joshsurette/.m2/repository/io/dropwizard/dropwizard-logging/0.9.2/dropwizard-logging-0.9.2.jar:/Users/joshsurette/.m2/repository/io/dropwizard/metrics/metrics-logback/3.1.2/metrics-logback-3.1.2.jar:/Users/joshsurette/.m2/repository/org/slf4j/jul-to-slf4j/1.7.12/jul-to-slf4j-1.7.12.jar:/Users/joshsurette/.m2/repository/ch/qos/logback/logback-core/1.1.3/logback-core-1.1.3.jar:/Users/joshsurette/.m2/repository/org/slf4j/log4j-over-slf4j/1.7.12/log4j-over-slf4j-1.7.12.jar:/Users/joshsurette/.m2/repository/org/slf4j/jcl-over-slf4j/1.7.12/jcl-over-slf4j-1.7.12.jar:/Users/joshsurette/.m2/repository/org/eclipse/jetty/jetty-util/9.2.13.v20150730/jetty-util-9.2.13.v20150730.jar:/Users/joshsurette/.m2/repository/io/dropwizard/dropwizard-metrics/0.9.2/dropwizard-metrics-0.9.2.jar:/Users/joshsurette/.m2/repository/io/dropwizard/dropwizard-jersey/0.9.2/dropwizard-jersey-0.9.2.jar:/Users/joshsurette/.m2/repository/org/glassfish/jersey/core/jersey-server/2.22.1/jersey-server-2.22.1.jar:/Users/joshsurette/.m2/repository/org/glassfish/jersey/core/jersey-common/2.22.1/jersey-common-2.22.1.jar:/Users/joshsurette/.m2/repository/org/glassfish/jersey/bundles/repackaged/jersey-guava/2.22.1/jersey-guava-2.22.1.jar:/Users/joshsurette/.m2/repository/org/glassfish/hk2/osgi-resource-locator/1.0.1/osgi-resource-locator-1.0.1.jar:/Users/joshsurette/.m2/repository/javax/ws/rs/javax.ws.rs-api/2.0.1/javax.ws.rs-api-2.0.1.jar:/Users/joshsurette/.m2/repository/org/glassfish/jersey/media/jersey-media-jaxb/2.22.1/jersey-media-jaxb-2.22.1.jar:/Users/joshsurette/.m2/repository/javax/annotation/javax.annotation-api/1.2/javax.annotation-api-1.2.jar:/Users/joshsurette/.m2/repository/org/glassfish/hk2/hk2-api/2.4.0-b31/hk2-api-2.4.0-b31.jar:/Users/joshsurette/.m2/repository/org/glassfish/hk2/hk2-utils/2.4.0-b31/hk2-utils-2.4.0-b31.jar:/Users/joshsurette/.m2/repository/org/glassfish/hk2/external/aopalliance-repackaged/2.4.0-b31/aopalliance-repackaged-2.4.0-b31.jar:/Users/joshsurette/.m2/repository/org/glassfish/hk2/external/javax.inject/2.4.0-b31/javax.inject-2.4.0-b31.jar:/Users/joshsurette/.m2/repository/org/glassfish/hk2/hk2-locator/2.4.0-b31/hk2-locator-2.4.0-b31.jar:/Users/joshsurette/.m2/repository/org/javassist/javassist/3.18.1-GA/javassist-3.18.1-GA.jar:/Users/joshsurette/.m2/repository/org/glassfish/jersey/ext/jersey-metainf-services/2.22.1/jersey-metainf-services-2.22.1.jar:/Users/joshsurette/.m2/repository/org/glassfish/jersey/ext/jersey-bean-validation/2.22.1/jersey-bean-validation-2.22.1.jar:/Users/joshsurette/.m2/repository/io/dropwizard/metrics/metrics-jersey2/3.1.2/metrics-jersey2-3.1.2.jar:/Users/joshsurette/.m2/repository/com/fasterxml/jackson/jaxrs/jackson-jaxrs-json-provider/2.6.3/jackson-jaxrs-json-provider-2.6.3.jar:/Users/joshsurette/.m2/repository/com/fasterxml/jackson/jaxrs/jackson-jaxrs-base/2.6.3/jackson-jaxrs-base-2.6.3.jar:/Users/joshsurette/.m2/repository/com/fasterxml/jackson/module/jackson-module-jaxb-annotations/2.6.3/jackson-module-jaxb-annotations-2.6.3.jar:/Users/joshsurette/.m2/repository/org/glassfish/jersey/containers/jersey-container-servlet/2.22.1/jersey-container-servlet-2.22.1.jar:/Users/joshsurette/.m2/repository/org/glassfish/jersey/containers/jersey-container-servlet-core/2.22.1/jersey-container-servlet-core-2.22.1.jar:/Users/joshsurette/.m2/repository/org/eclipse/jetty/jetty-server/9.2.13.v20150730/jetty-server-9.2.13.v20150730.jar:/Users/joshsurette/.m2/repository/javax/servlet/javax.servlet-api/3.1.0/javax.servlet-api-3.1.0.jar:/Users/joshsurette/.m2/repository/org/eclipse/jetty/jetty-io/9.2.13.v20150730/jetty-io-9.2.13.v20150730.jar:/Users/joshsurette/.m2/repository/org/eclipse/jetty/jetty-webapp/9.2.13.v20150730/jetty-webapp-9.2.13.v20150730.jar:/Users/joshsurette/.m2/repository/org/eclipse/jetty/jetty-xml/9.2.13.v20150730/jetty-xml-9.2.13.v20150730.jar:/Users/joshsurette/.m2/repository/org/eclipse/jetty/jetty-continuation/9.2.13.v20150730/jetty-continuation-9.2.13.v20150730.jar:/Users/joshsurette/.m2/repository/io/dropwizard/dropwizard-servlets/0.9.2/dropwizard-servlets-0.9.2.jar:/Users/joshsurette/.m2/repository/io/dropwizard/metrics/metrics-annotation/3.1.2/metrics-annotation-3.1.2.jar:/Users/joshsurette/.m2/repository/io/dropwizard/dropwizard-jetty/0.9.2/dropwizard-jetty-0.9.2.jar:/Users/joshsurette/.m2/repository/io/dropwizard/metrics/metrics-jetty9/3.1.2/metrics-jetty9-3.1.2.jar:/Users/joshsurette/.m2/repository/org/eclipse/jetty/jetty-servlet/9.2.13.v20150730/jetty-servlet-9.2.13.v20150730.jar:/Users/joshsurette/.m2/repository/org/eclipse/jetty/jetty-security/9.2.13.v20150730/jetty-security-9.2.13.v20150730.jar:/Users/joshsurette/.m2/repository/org/eclipse/jetty/jetty-servlets/9.2.13.v20150730/jetty-servlets-9.2.13.v20150730.jar:/Users/joshsurette/.m2/repository/org/eclipse/jetty/jetty-http/9.2.13.v20150730/jetty-http-9.2.13.v20150730.jar:/Users/joshsurette/.m2/repository/io/dropwizard/dropwizard-lifecycle/0.9.2/dropwizard-lifecycle-0.9.2.jar:/Users/joshsurette/.m2/repository/io/dropwizard/metrics/metrics-core/3.1.2/metrics-core-3.1.2.jar:/Users/joshsurette/.m2/repository/io/dropwizard/metrics/metrics-jvm/3.1.2/metrics-jvm-3.1.2.jar:/Users/joshsurette/.m2/repository/io/dropwizard/metrics/metrics-servlets/3.1.2/metrics-servlets-3.1.2.jar:/Users/joshsurette/.m2/repository/io/dropwizard/metrics/metrics-json/3.1.2/metrics-json-3.1.2.jar:/Users/joshsurette/.m2/repository/io/dropwizard/metrics/metrics-healthchecks/3.1.2/metrics-healthchecks-3.1.2.jar:/Users/joshsurette/.m2/repository/net/sourceforge/argparse4j/argparse4j/0.6.0/argparse4j-0.6.0.jar:/Users/joshsurette/.m2/repository/org/eclipse/jetty/toolchain/setuid/jetty-setuid-java/1.0.3/jetty-setuid-java-1.0.3.jar:/Users/joshsurette/.m2/repository/io/dropwizard/dropwizard-testing/0.9.2/dropwizard-testing-0.9.2.jar:/Users/joshsurette/.m2/repository/org/mockito/mockito-core/1.10.19/mockito-core-1.10.19.jar:/Users/joshsurette/.m2/repository/org/hamcrest/hamcrest-core/1.1/hamcrest-core-1.1.jar:/Users/joshsurette/.m2/repository/org/objenesis/objenesis/2.2/objenesis-2.2.jar:/Users/joshsurette/.m2/repository/org/assertj/assertj-core/2.2.0/assertj-core-2.2.0.jar:/Users/joshsurette/.m2/repository/org/glassfish/jersey/test-framework/providers/jersey-test-framework-provider-inmemory/2.22.1/jersey-test-framework-provider-inmemory-2.22.1.jar:/Users/joshsurette/.m2/repository/org/glassfish/jersey/test-framework/jersey-test-framework-core/2.22.1/jersey-test-framework-core-2.22.1.jar:/Users/joshsurette/.m2/repository/org/glassfish/jersey/core/jersey-client/2.22.1/jersey-client-2.22.1.jar:/Users/joshsurette/.m2/repository/org/ow2/asm/asm-debug-all/5.0.4/asm-debug-all-5.0.4.jar:"/>
    <property name="java.vm.vendor" value="Oracle Corporation"/>
    <property name="sun.arch.data.model" value="64"/>
    <property name="java.vendor.url" value="http://java.oracle.com/"/>
    <property name="user.timezone" value=""/>
    <property name="java.vm.specification.version" value="1.8"/>
    <property name="os.name" value="Mac OS X"/>
    <property name="user.country" value="US"/>
    <property name="sun.java.launcher" value="SUN_STANDARD"/>
    <property name="sun.boot.library.path" value="/Library/Java/JavaVirtualMachines/jdk1.8.0_151.jdk/Contents/Home/jre/lib"/>
    <property name="sun.java.command" value="/Users/joshsurette/Desktop/innovateEDU-coach/innovateEDU-app/target/surefire/surefirebooter5109158766227351740.jar /Users/joshsurette/Desktop/innovateEDU-coach/innovateEDU-app/target/surefire 2017-12-27T17-54-10_702-jvmRun1 surefire4217531481631220893tmp surefire_06587570354638224237tmp"/>
    <property name="http.nonProxyHosts" value="local|*.local|169.254/16|*.169.254/16"/>
    <property name="surefire.test.class.path" value="/Users/joshsurette/Desktop/innovateEDU-coach/innovateEDU-app/target/test-classes:/Users/joshsurette/Desktop/innovateEDU-coach/innovateEDU-app/target/classes:/Users/joshsurette/.m2/repository/junit/junit/3.8.1/junit-3.8.1.jar:/Users/joshsurette/.m2/repository/io/dropwizard/dropwizard-core/0.9.2/dropwizard-core-0.9.2.jar:/Users/joshsurette/.m2/repository/io/dropwizard/dropwizard-util/0.9.2/dropwizard-util-0.9.2.jar:/Users/joshsurette/.m2/repository/com/fasterxml/jackson/core/jackson-annotations/2.6.0/jackson-annotations-2.6.0.jar:/Users/joshsurette/.m2/repository/com/google/guava/guava/18.0/guava-18.0.jar:/Users/joshsurette/.m2/repository/com/google/code/findbugs/jsr305/3.0.1/jsr305-3.0.1.jar:/Users/joshsurette/.m2/repository/joda-time/joda-time/2.9/joda-time-2.9.jar:/Users/joshsurette/.m2/repository/io/dropwizard/dropwizard-jackson/0.9.2/dropwizard-jackson-0.9.2.jar:/Users/joshsurette/.m2/repository/com/fasterxml/jackson/core/jackson-core/2.6.3/jackson-core-2.6.3.jar:/Users/joshsurette/.m2/repository/com/fasterxml/jackson/core/jackson-databind/2.6.3/jackson-databind-2.6.3.jar:/Users/joshsurette/.m2/repository/com/fasterxml/jackson/datatype/jackson-datatype-jdk7/2.6.3/jackson-datatype-jdk7-2.6.3.jar:/Users/joshsurette/.m2/repository/com/fasterxml/jackson/datatype/jackson-datatype-guava/2.6.3/jackson-datatype-guava-2.6.3.jar:/Users/joshsurette/.m2/repository/com/fasterxml/jackson/module/jackson-module-afterburner/2.6.3/jackson-module-afterburner-2.6.3.jar:/Users/joshsurette/.m2/repository/com/fasterxml/jackson/datatype/jackson-datatype-joda/2.6.3/jackson-datatype-joda-2.6.3.jar:/Users/joshsurette/.m2/repository/org/slf4j/slf4j-api/1.7.12/slf4j-api-1.7.12.jar:/Users/joshsurette/.m2/repository/ch/qos/logback/logback-classic/1.1.3/logback-classic-1.1.3.jar:/Users/joshsurette/.m2/repository/io/dropwizard/dropwizard-validation/0.9.2/dropwizard-validation-0.9.2.jar:/Users/joshsurette/.m2/repository/org/hibernate/hibernate-validator/5.2.2.Final/hibernate-validator-5.2.2.Final.jar:/Users/joshsurette/.m2/repository/javax/validation/validation-api/1.1.0.Final/validation-api-1.1.0.Final.jar:/Users/joshsurette/.m2/repository/org/jboss/logging/jboss-logging/3.2.1.Final/jboss-logging-3.2.1.Final.jar:/Users/joshsurette/.m2/repository/com/fasterxml/classmate/1.1.0/classmate-1.1.0.jar:/Users/joshsurette/.m2/repository/org/glassfish/javax.el/3.0.0/javax.el-3.0.0.jar:/Users/joshsurette/.m2/repository/io/dropwizard/dropwizard-configuration/0.9.2/dropwizard-configuration-0.9.2.jar:/Users/joshsurette/.m2/repository/com/fasterxml/jackson/dataformat/jackson-dataformat-yaml/2.6.3/jackson-dataformat-yaml-2.6.3.jar:/Users/joshsurette/.m2/repository/org/yaml/snakeyaml/1.15/snakeyaml-1.15.jar:/Users/joshsurette/.m2/repository/org/apache/commons/commons-lang3/3.4/commons-lang3-3.4.jar:/Users/joshsurette/.m2/repository/io/dropwizard/dropwizard-logging/0.9.2/dropwizard-logging-0.9.2.jar:/Users/joshsurette/.m2/repository/io/dropwizard/metrics/metrics-logback/3.1.2/metrics-logback-3.1.2.jar:/Users/joshsurette/.m2/repository/org/slf4j/jul-to-slf4j/1.7.12/jul-to-slf4j-1.7.12.jar:/Users/joshsurette/.m2/repository/ch/qos/logback/logback-core/1.1.3/logback-core-1.1.3.jar:/Users/joshsurette/.m2/repository/org/slf4j/log4j-over-slf4j/1.7.12/log4j-over-slf4j-1.7.12.jar:/Users/joshsurette/.m2/repository/org/slf4j/jcl-over-slf4j/1.7.12/jcl-over-slf4j-1.7.12.jar:/Users/joshsurette/.m2/repository/org/eclipse/jetty/jetty-util/9.2.13.v20150730/jetty-util-9.2.13.v20150730.jar:/Users/joshsurette/.m2/repository/io/dropwizard/dropwizard-metrics/0.9.2/dropwizard-metrics-0.9.2.jar:/Users/joshsurette/.m2/repository/io/dropwizard/dropwizard-jersey/0.9.2/dropwizard-jersey-0.9.2.jar:/Users/joshsurette/.m2/repository/org/glassfish/jersey/core/jersey-server/2.22.1/jersey-server-2.22.1.jar:/Users/joshsurette/.m2/repository/org/glassfish/jersey/core/jersey-common/2.22.1/jersey-common-2.22.1.jar:/Users/joshsurette/.m2/repository/org/glassfish/jersey/bundles/repackaged/jersey-guava/2.22.1/jersey-guava-2.22.1.jar:/Users/joshsurette/.m2/repository/org/glassfish/hk2/osgi-resource-locator/1.0.1/osgi-resource-locator-1.0.1.jar:/Users/joshsurette/.m2/repository/javax/ws/rs/javax.ws.rs-api/2.0.1/javax.ws.rs-api-2.0.1.jar:/Users/joshsurette/.m2/repository/org/glassfish/jersey/media/jersey-media-jaxb/2.22.1/jersey-media-jaxb-2.22.1.jar:/Users/joshsurette/.m2/repository/javax/annotation/javax.annotation-api/1.2/javax.annotation-api-1.2.jar:/Users/joshsurette/.m2/repository/org/glassfish/hk2/hk2-api/2.4.0-b31/hk2-api-2.4.0-b31.jar:/Users/joshsurette/.m2/repository/org/glassfish/hk2/hk2-utils/2.4.0-b31/hk2-utils-2.4.0-b31.jar:/Users/joshsurette/.m2/repository/org/glassfish/hk2/external/aopalliance-repackaged/2.4.0-b31/aopalliance-repackaged-2.4.0-b31.jar:/Users/joshsurette/.m2/repository/org/glassfish/hk2/external/javax.inject/2.4.0-b31/javax.inject-2.4.0-b31.jar:/Users/joshsurette/.m2/repository/org/glassfish/hk2/hk2-locator/2.4.0-b31/hk2-locator-2.4.0-b31.jar:/Users/joshsurette/.m2/repository/org/javassist/javassist/3.18.1-GA/javassist-3.18.1-GA.jar:/Users/joshsurette/.m2/repository/org/glassfish/jersey/ext/jersey-metainf-services/2.22.1/jersey-metainf-services-2.22.1.jar:/Users/joshsurette/.m2/repository/org/glassfish/jersey/ext/jersey-bean-validation/2.22.1/jersey-bean-validation-2.22.1.jar:/Users/joshsurette/.m2/repository/io/dropwizard/metrics/metrics-jersey2/3.1.2/metrics-jersey2-3.1.2.jar:/Users/joshsurette/.m2/repository/com/fasterxml/jackson/jaxrs/jackson-jaxrs-json-provider/2.6.3/jackson-jaxrs-json-provider-2.6.3.jar:/Users/joshsurette/.m2/repository/com/fasterxml/jackson/jaxrs/jackson-jaxrs-base/2.6.3/jackson-jaxrs-base-2.6.3.jar:/Users/joshsurette/.m2/repository/com/fasterxml/jackson/module/jackson-module-jaxb-annotations/2.6.3/jackson-module-jaxb-annotations-2.6.3.jar:/Users/joshsurette/.m2/repository/org/glassfish/jersey/containers/jersey-container-servlet/2.22.1/jersey-container-servlet-2.22.1.jar:/Users/joshsurette/.m2/repository/org/glassfish/jersey/containers/jersey-container-servlet-core/2.22.1/jersey-container-servlet-core-2.22.1.jar:/Users/joshsurette/.m2/repository/org/eclipse/jetty/jetty-server/9.2.13.v20150730/jetty-server-9.2.13.v20150730.jar:/Users/joshsurette/.m2/repository/javax/servlet/javax.servlet-api/3.1.0/javax.servlet-api-3.1.0.jar:/Users/joshsurette/.m2/repository/org/eclipse/jetty/jetty-io/9.2.13.v20150730/jetty-io-9.2.13.v20150730.jar:/Users/joshsurette/.m2/repository/org/eclipse/jetty/jetty-webapp/9.2.13.v20150730/jetty-webapp-9.2.13.v20150730.jar:/Users/joshsurette/.m2/repository/org/eclipse/jetty/jetty-xml/9.2.13.v20150730/jetty-xml-9.2.13.v20150730.jar:/Users/joshsurette/.m2/repository/org/eclipse/jetty/jetty-continuation/9.2.13.v20150730/jetty-continuation-9.2.13.v20150730.jar:/Users/joshsurette/.m2/repository/io/dropwizard/dropwizard-servlets/0.9.2/dropwizard-servlets-0.9.2.jar:/Users/joshsurette/.m2/repository/io/dropwizard/metrics/metrics-annotation/3.1.2/metrics-annotation-3.1.2.jar:/Users/joshsurette/.m2/repository/io/dropwizard/dropwizard-jetty/0.9.2/dropwizard-jetty-0.9.2.jar:/Users/joshsurette/.m2/repository/io/dropwizard/metrics/metrics-jetty9/3.1.2/metrics-jetty9-3.1.2.jar:/Users/joshsurette/.m2/repository/org/eclipse/jetty/jetty-servlet/9.2.13.v20150730/jetty-servlet-9.2.13.v20150730.jar:/Users/joshsurette/.m2/repository/org/eclipse/jetty/jetty-security/9.2.13.v20150730/jetty-security-9.2.13.v20150730.jar:/Users/joshsurette/.m2/repository/org/eclipse/jetty/jetty-servlets/9.2.13.v20150730/jetty-servlets-9.2.13.v20150730.jar:/Users/joshsurette/.m2/repository/org/eclipse/jetty/jetty-http/9.2.13.v20150730/jetty-http-9.2.13.v20150730.jar:/Users/joshsurette/.m2/repository/io/dropwizard/dropwizard-lifecycle/0.9.2/dropwizard-lifecycle-0.9.2.jar:/Users/joshsurette/.m2/repository/io/dropwizard/metrics/metrics-core/3.1.2/metrics-core-3.1.2.jar:/Users/joshsurette/.m2/repository/io/dropwizard/metrics/metrics-jvm/3.1.2/metrics-jvm-3.1.2.jar:/Users/joshsurette/.m2/repository/io/dropwizard/metrics/metrics-servlets/3.1.2/metrics-servlets-3.1.2.jar:/Users/joshsurette/.m2/repository/io/dropwizard/metrics/metrics-json/3.1.2/metrics-json-3.1.2.jar:/Users/joshsurette/.m2/repository/io/dropwizard/metrics/metrics-healthchecks/3.1.2/metrics-healthchecks-3.1.2.jar:/Users/joshsurette/.m2/repository/net/sourceforge/argparse4j/argparse4j/0.6.0/argparse4j-0.6.0.jar:/Users/joshsurette/.m2/repository/org/eclipse/jetty/toolchain/setuid/jetty-setuid-java/1.0.3/jetty-setuid-java-1.0.3.jar:/Users/joshsurette/.m2/repository/io/dropwizard/dropwizard-testing/0.9.2/dropwizard-testing-0.9.2.jar:/Users/joshsurette/.m2/repository/org/mockito/mockito-core/1.10.19/mockito-core-1.10.19.jar:/Users/joshsurette/.m2/repository/org/hamcrest/hamcrest-core/1.1/hamcrest-core-1.1.jar:/Users/joshsurette/.m2/repository/org/objenesis/objenesis/2.2/objenesis-2.2.jar:/Users/joshsurette/.m2/repository/org/assertj/assertj-core/2.2.0/assertj-core-2.2.0.jar:/Users/joshsurette/.m2/repository/org/glassfish/jersey/test-framework/providers/jersey-test-framework-provider-inmemory/2.22.1/jersey-test-framework-provider-inmemory-2.22.1.jar:/Users/joshsurette/.m2/repository/org/glassfish/jersey/test-framework/jersey-test-framework-core/2.22.1/jersey-test-framework-core-2.22.1.jar:/Users/joshsurette/.m2/repository/org/glassfish/jersey/core/jersey-client/2.22.1/jersey-client-2.22.1.jar:/Users/joshsurette/.m2/repository/org/ow2/asm/asm-debug-all/5.0.4/asm-debug-all-5.0.4.jar:"/>
    <property name="sun.cpu.endian" value="little"/>
    <property name="user.home" value="/Users/joshsurette"/>
    <property name="user.language" value="en"/>
    <property name="java.specification.vendor" value="Oracle Corporation"/>
    <property name="java.home" value="/Library/Java/JavaVirtualMachines/jdk1.8.0_151.jdk/Contents/Home/jre"/>
    <property name="basedir" value="/Users/joshsurette/Desktop/innovateEDU-coach/innovateEDU-app"/>
    <property name="file.separator" value="/"/>
    <property name="line.separator" value="&#10;"/>
    <property name="java.vm.specification.vendor" value="Oracle Corporation"/>
    <property name="java.specification.name" value="Java Platform API Specification"/>
    <property name="java.awt.graphicsenv" value="sun.awt.CGraphicsEnvironment"/>
    <property name="surefire.real.class.path" value="/Users/joshsurette/Desktop/innovateEDU-coach/innovateEDU-app/target/surefire/surefirebooter5109158766227351740.jar"/>
    <property name="sun.boot.class.path" value="/Library/Java/JavaVirtualMachines/jdk1.8.0_151.jdk/Contents/Home/jre/lib/resources.jar:/Library/Java/JavaVirtualMachines/jdk1.8.0_151.jdk/Contents/Home/jre/lib/rt.jar:/Library/Java/JavaVirtualMachines/jdk1.8.0_151.jdk/Contents/Home/jre/lib/sunrsasign.jar:/Library/Java/JavaVirtualMachines/jdk1.8.0_151.jdk/Contents/Home/jre/lib/jsse.jar:/Library/Java/JavaVirtualMachines/jdk1.8.0_151.jdk/Contents/Home/jre/lib/jce.jar:/Library/Java/JavaVirtualMachines/jdk1.8.0_151.jdk/Contents/Home/jre/lib/charsets.jar:/Library/Java/JavaVirtualMachines/jdk1.8.0_151.jdk/Contents/Home/jre/lib/jfr.jar:/Library/Java/JavaVirtualMachines/jdk1.8.0_151.jdk/Contents/Home/jre/classes"/>
    <property name="sun.management.compiler" value="HotSpot 64-Bit Tiered Compilers"/>
    <property name="ftp.nonProxyHosts" value="local|*.local|169.254/16|*.169.254/16"/>
    <property name="java.runtime.version" value="1.8.0_151-b12"/>
    <property name="user.name" value="joshsurette"/>
    <property name="path.separator" value=":"/>
    <property name="os.version" value="10.12.6"/>
    <property name="java.endorsed.dirs" value="/Library/Java/JavaVirtualMachines/jdk1.8.0_151.jdk/Contents/Home/jre/lib/endorsed"/>
    <property name="java.runtime.name" value="Java(TM) SE Runtime Environment"/>
    <property name="file.encoding" value="UTF-8"/>
    <property name="java.vm.name" value="Java HotSpot(TM) 64-Bit Server VM"/>
    <property name="localRepository" value="/Users/joshsurette/.m2/repository"/>
    <property name="java.vendor.url.bug" value="http://bugreport.sun.com/bugreport/"/>
    <property name="java.io.tmpdir" value="/var/folders/d2/4445b1n50vs07nsvt8v3bjk40000gn/T/"/>
    <property name="java.version" value="1.8.0_151"/>
    <property name="user.dir" value="/Users/joshsurette/Desktop/innovateEDU-coach/innovateEDU-app"/>
    <property name="os.arch" value="x86_64"/>
    <property name="java.vm.specification.name" value="Java Virtual Machine Specification"/>
    <property name="java.awt.printerjob" value="sun.lwawt.macosx.CPrinterJob"/>
    <property name="sun.os.patch.level" value="unknown"/>
    <property name="java.library.path" value="/Users/joshsurette/Library/Java/Extensions:/Library/Java/Extensions:/Network/Library/Java/Extensions:/System/Library/Java/Extensions:/usr/lib/java:."/>
    <property name="java.vm.info" value="mixed mode"/>
    <property name="java.vendor" value="Oracle Corporation"/>
    <property name="java.vm.version" value="25.151-b12"/>
    <property name="java.ext.dirs" value="/Users/joshsurette/Library/Java/Extensions:/Library/Java/JavaVirtualMachines/jdk1.8.0_151.jdk/Contents/Home/jre/lib/ext:/Library/Java/Extensions:/Network/Library/Java/Extensions:/System/Library/Java/Extensions:/usr/lib/java"/>
    <property name="sun.io.unicode.encoding" value="UnicodeBig"/>
    <property name="java.class.version" value="52.0"/>
    <property name="socksNonProxyHosts" value="local|*.local|169.254/16|*.169.254/16"/>
  </properties>
  <testcase name="testApp" classname="com.innovateEDU.app.innovateEDUApplicationTest" time="0"/>
</testsuite>